This file contains any messages produced by compilers while
running configure, to aid debugging if configure makes a mistake.

It was created by jmtpfs configure 1.0, which was
generated by GNU Autoconf 2.68.  Invocation command line was

  $ ./configure 

## --------- ##
## Platform. ##
## --------- ##

hostname = IuseARCHbtw
uname -m = x86_64
uname -r = 5.10.16-arch1-1
uname -s = Linux
uname -v = #1 SMP PREEMPT Sat, 13 Feb 2021 20:50:18 +0000

/usr/bin/uname -p = unknown
/bin/uname -X     = unknown

/bin/arch              = unknown
/usr/bin/arch -k       = unknown
/usr/convex/getsysinfo = unknown
/usr/bin/hostinfo      = unknown
/bin/machine           = unknown
/usr/bin/oslevel       = unknown
/bin/universe          = unknown

PATH: /home/mag/.local/share/cargo/bin
PATH: /usr/local/sbin
PATH: /usr/local/bin
PATH: /usr/bin
PATH: /usr/lib/jvm/default/bin
PATH: /usr/bin/site_perl
PATH: /usr/bin/vendor_perl
PATH: /usr/bin/core_perl


## ----------- ##
## Core tests. ##
## ----------- ##

configure:2164: checking build system type
configure:2178: result: x86_64-unknown-linux-gnu
configure:2198: checking host system type
configure:2211: result: x86_64-unknown-linux-gnu
configure:2231: checking target system type
configure:2244: result: x86_64-unknown-linux-gnu
configure:2287: checking for a BSD-compatible install
configure:2355: result: /usr/bin/install -c
configure:2366: checking whether build environment is sane
configure:2416: result: yes
configure:2557: checking for a thread-safe mkdir -p
configure:2596: result: /usr/bin/mkdir -p
configure:2609: checking for gawk
configure:2625: found /usr/bin/gawk
configure:2636: result: gawk
configure:2647: checking whether make sets $(MAKE)
configure:2669: result: yes
configure:2809: checking for g++
configure:2825: found /usr/bin/g++
configure:2836: result: g++
configure:2863: checking for C++ compiler version
configure:2872: g++ --version >&5
g++ (GCC) 10.2.0
Copyright (C) 2020 Free Software Foundation, Inc.
This is free software; see the source for copying conditions.  There is NO
warranty; not even for MERCHANTABILITY or FITNESS FOR A PARTICULAR PURPOSE.

configure:2883: $? = 0
configure:2872: g++ -v >&5
Using built-in specs.
COLLECT_GCC=g++
COLLECT_LTO_WRAPPER=/usr/lib/gcc/x86_64-pc-linux-gnu/10.2.0/lto-wrapper
Target: x86_64-pc-linux-gnu
Configured with: /build/gcc/src/gcc/configure --prefix=/usr --libdir=/usr/lib --libexecdir=/usr/lib --mandir=/usr/share/man --infodir=/usr/share/info --with-bugurl=https://bugs.archlinux.org/ --enable-languages=c,c++,ada,fortran,go,lto,objc,obj-c++,d --with-isl --with-linker-hash-style=gnu --with-system-zlib --enable-__cxa_atexit --enable-cet=auto --enable-checking=release --enable-clocale=gnu --enable-default-pie --enable-default-ssp --enable-gnu-indirect-function --enable-gnu-unique-object --enable-install-libiberty --enable-linker-build-id --enable-lto --enable-multilib --enable-plugin --enable-shared --enable-threads=posix --disable-libssp --disable-libstdcxx-pch --disable-libunwind-exceptions --disable-werror gdc_include_dir=/usr/include/dlang/gdc
Thread model: posix
Supported LTO compression algorithms: zlib zstd
gcc version 10.2.0 (GCC) 
configure:2883: $? = 0
configure:2872: g++ -V >&5
g++: error: unrecognized command-line option '-V'
g++: fatal error: no input files
compilation terminated.
configure:2883: $? = 1
configure:2872: g++ -qversion >&5
g++: error: unrecognized command-line option '-qversion'; did you mean '--version'?
g++: fatal error: no input files
compilation terminated.
configure:2883: $? = 1
configure:2903: checking whether the C++ compiler works
configure:2925: g++    conftest.cpp  >&5
configure:2929: $? = 0
configure:2977: result: yes
configure:2980: checking for C++ compiler default output file name
configure:2982: result: a.out
configure:2988: checking for suffix of executables
configure:2995: g++ -o conftest    conftest.cpp  >&5
configure:2999: $? = 0
configure:3021: result: 
configure:3043: checking whether we are cross compiling
configure:3051: g++ -o conftest    conftest.cpp  >&5
configure:3055: $? = 0
configure:3062: ./conftest
configure:3066: $? = 0
configure:3081: result: no
configure:3086: checking for suffix of object files
configure:3108: g++ -c   conftest.cpp >&5
configure:3112: $? = 0
configure:3133: result: o
configure:3137: checking whether we are using the GNU C++ compiler
configure:3156: g++ -c   conftest.cpp >&5
configure:3156: $? = 0
configure:3165: result: yes
configure:3174: checking whether g++ accepts -g
configure:3194: g++ -c -g  conftest.cpp >&5
configure:3194: $? = 0
configure:3235: result: yes
configure:3269: checking for style of include used by make
configure:3297: result: GNU
configure:3322: checking dependency style of g++
configure:3432: result: gcc3
configure:3503: checking for pkg-config
configure:3521: found /usr/bin/pkg-config
configure:3533: result: /usr/bin/pkg-config
configure:3558: checking pkg-config is at least version 0.9.0
configure:3561: result: yes
configure:3571: checking for MTP
configure:3578: $PKG_CONFIG --exists --print-errors "libmtp >= 1.1.0"
configure:3581: $? = 0
configure:3594: $PKG_CONFIG --exists --print-errors "libmtp >= 1.1.0"
configure:3597: $? = 0
configure:3656: result: yes
configure:3665: checking for FUSE
configure:3672: $PKG_CONFIG --exists --print-errors "fuse >= 2.6"
configure:3675: $? = 0
configure:3688: $PKG_CONFIG --exists --print-errors "fuse >= 2.6"
configure:3691: $? = 0
configure:3750: result: yes
configure:3805: checking for gcc
configure:3821: found /usr/bin/gcc
configure:3832: result: gcc
configure:4061: checking for C compiler version
configure:4070: gcc --version >&5
gcc (GCC) 10.2.0
Copyright (C) 2020 Free Software Foundation, Inc.
This is free software; see the source for copying conditions.  There is NO
warranty; not even for MERCHANTABILITY or FITNESS FOR A PARTICULAR PURPOSE.

configure:4081: $? = 0
configure:4070: gcc -v >&5
Using built-in specs.
COLLECT_GCC=gcc
COLLECT_LTO_WRAPPER=/usr/lib/gcc/x86_64-pc-linux-gnu/10.2.0/lto-wrapper
Target: x86_64-pc-linux-gnu
Configured with: /build/gcc/src/gcc/configure --prefix=/usr --libdir=/usr/lib --libexecdir=/usr/lib --mandir=/usr/share/man --infodir=/usr/share/info --with-bugurl=https://bugs.archlinux.org/ --enable-languages=c,c++,ada,fortran,go,lto,objc,obj-c++,d --with-isl --with-linker-hash-style=gnu --with-system-zlib --enable-__cxa_atexit --enable-cet=auto --enable-checking=release --enable-clocale=gnu --enable-default-pie --enable-default-ssp --enable-gnu-indirect-function --enable-gnu-unique-object --enable-install-libiberty --enable-linker-build-id --enable-lto --enable-multilib --enable-plugin --enable-shared --enable-threads=posix --disable-libssp --disable-libstdcxx-pch --disable-libunwind-exceptions --disable-werror gdc_include_dir=/usr/include/dlang/gdc
Thread model: posix
Supported LTO compression algorithms: zlib zstd
gcc version 10.2.0 (GCC) 
configure:4081: $? = 0
configure:4070: gcc -V >&5
gcc: error: unrecognized command-line option '-V'
gcc: fatal error: no input files
compilation terminated.
configure:4081: $? = 1
configure:4070: gcc -qversion >&5
gcc: error: unrecognized command-line option '-qversion'; did you mean '--version'?
gcc: fatal error: no input files
compilation terminated.
configure:4081: $? = 1
configure:4085: checking whether we are using the GNU C compiler
configure:4104: gcc -c   conftest.c >&5
configure:4104: $? = 0
configure:4113: result: yes
configure:4122: checking whether gcc accepts -g
configure:4142: gcc -c -g  conftest.c >&5
configure:4142: $? = 0
configure:4183: result: yes
configure:4200: checking for gcc option to accept ISO C89
configure:4264: gcc  -c -g -O2  conftest.c >&5
configure:4264: $? = 0
configure:4277: result: none needed
configure:4299: checking dependency style of gcc
configure:4409: result: gcc3
configure:4425: checking for magic_open in -lmagic
configure:4450: gcc -o conftest -g -O2   conftest.c -lmagic   >&5
configure:4450: $? = 0
configure:4459: result: yes
configure:4475: checking how to run the C preprocessor
configure:4506: gcc -E  conftest.c
configure:4506: $? = 0
configure:4520: gcc -E  conftest.c
conftest.c:12:10: fatal error: ac_nonexistent.h: No such file or directory
   12 | #include <ac_nonexistent.h>
      |          ^~~~~~~~~~~~~~~~~~
compilation terminated.
configure:4520: $? = 1
configure: failed program was:
| /* confdefs.h */
| #define PACKAGE_NAME "jmtpfs"
| #define PACKAGE_TARNAME "jmtpfs"
| #define PACKAGE_VERSION "1.0"
| #define PACKAGE_STRING "jmtpfs 1.0"
| #define PACKAGE_BUGREPORT ""
| #define PACKAGE_URL ""
| #define PACKAGE "jmtpfs"
| #define VERSION "1.0"
| #define HAVE_LIBMAGIC 1
| /* end confdefs.h.  */
| #include <ac_nonexistent.h>
configure:4545: result: gcc -E
configure:4565: gcc -E  conftest.c
configure:4565: $? = 0
configure:4579: gcc -E  conftest.c
conftest.c:12:10: fatal error: ac_nonexistent.h: No such file or directory
   12 | #include <ac_nonexistent.h>
      |          ^~~~~~~~~~~~~~~~~~
compilation terminated.
configure:4579: $? = 1
configure: failed program was:
| /* confdefs.h */
| #define PACKAGE_NAME "jmtpfs"
| #define PACKAGE_TARNAME "jmtpfs"
| #define PACKAGE_VERSION "1.0"
| #define PACKAGE_STRING "jmtpfs 1.0"
| #define PACKAGE_BUGREPORT ""
| #define PACKAGE_URL ""
| #define PACKAGE "jmtpfs"
| #define VERSION "1.0"
| #define HAVE_LIBMAGIC 1
| /* end confdefs.h.  */
| #include <ac_nonexistent.h>
configure:4608: checking for grep that handles long lines and -e
configure:4666: result: /usr/bin/grep
configure:4671: checking for egrep
configure:4733: result: /usr/bin/grep -E
configure:4738: checking for ANSI C header files
configure:4758: gcc -c -g -O2  conftest.c >&5
configure:4758: $? = 0
configure:4831: gcc -o conftest -g -O2   conftest.c -lmagic  >&5
configure:4831: $? = 0
configure:4831: ./conftest
configure:4831: $? = 0
configure:4842: result: yes
configure:4855: checking for sys/types.h
configure:4855: gcc -c -g -O2  conftest.c >&5
configure:4855: $? = 0
configure:4855: result: yes
configure:4855: checking for sys/stat.h
configure:4855: gcc -c -g -O2  conftest.c >&5
configure:4855: $? = 0
configure:4855: result: yes
configure:4855: checking for stdlib.h
configure:4855: gcc -c -g -O2  conftest.c >&5
configure:4855: $? = 0
configure:4855: result: yes
configure:4855: checking for string.h
configure:4855: gcc -c -g -O2  conftest.c >&5
configure:4855: $? = 0
configure:4855: result: yes
configure:4855: checking for memory.h
configure:4855: gcc -c -g -O2  conftest.c >&5
configure:4855: $? = 0
configure:4855: result: yes
configure:4855: checking for strings.h
configure:4855: gcc -c -g -O2  conftest.c >&5
configure:4855: $? = 0
configure:4855: result: yes
configure:4855: checking for inttypes.h
configure:4855: gcc -c -g -O2  conftest.c >&5
configure:4855: $? = 0
configure:4855: result: yes
configure:4855: checking for stdint.h
configure:4855: gcc -c -g -O2  conftest.c >&5
configure:4855: $? = 0
configure:4855: result: yes
configure:4855: checking for unistd.h
configure:4855: gcc -c -g -O2  conftest.c >&5
configure:4855: $? = 0
configure:4855: result: yes
configure:4869: checking magic.h usability
configure:4869: gcc -c -g -O2  conftest.c >&5
configure:4869: $? = 0
configure:4869: result: yes
configure:4869: checking magic.h presence
configure:4869: gcc -E  conftest.c
configure:4869: $? = 0
configure:4869: result: yes
configure:4869: checking for magic.h
configure:4869: result: yes
configure:5053: creating ./config.status

## ---------------------- ##
## Running config.status. ##
## ---------------------- ##

This file was extended by jmtpfs config.status 1.0, which was
generated by GNU Autoconf 2.68.  Invocation command line was

  CONFIG_FILES    = 
  CONFIG_HEADERS  = 
  CONFIG_LINKS    = 
  CONFIG_COMMANDS = 
  $ ./config.status 

on IuseARCHbtw

config.status:809: creating Makefile
config.status:809: creating src/Makefile
config.status:981: executing depfiles commands

## ---------------- ##
## Cache variables. ##
## ---------------- ##

ac_cv_build='x86_64-unknown-linux-gnu'
ac_cv_c_compiler_gnu='yes'
ac_cv_cxx_compiler_gnu='yes'
ac_cv_env_CCC_set=''
ac_cv_env_CCC_value=''
ac_cv_env_CC_set=''
ac_cv_env_CC_value=''
ac_cv_env_CFLAGS_set=''
ac_cv_env_CFLAGS_value=''
ac_cv_env_CPPFLAGS_set=''
ac_cv_env_CPPFLAGS_value=''
ac_cv_env_CPP_set=''
ac_cv_env_CPP_value=''
ac_cv_env_CXXFLAGS_set=''
ac_cv_env_CXXFLAGS_value=''
ac_cv_env_CXX_set=''
ac_cv_env_CXX_value=''
ac_cv_env_FUSE_CFLAGS_set=''
ac_cv_env_FUSE_CFLAGS_value=''
ac_cv_env_FUSE_LIBS_set=''
ac_cv_env_FUSE_LIBS_value=''
ac_cv_env_LDFLAGS_set=''
ac_cv_env_LDFLAGS_value=''
ac_cv_env_LIBS_set=''
ac_cv_env_LIBS_value=''
ac_cv_env_MTP_CFLAGS_set=''
ac_cv_env_MTP_CFLAGS_value=''
ac_cv_env_MTP_LIBS_set=''
ac_cv_env_MTP_LIBS_value=''
ac_cv_env_PKG_CONFIG_LIBDIR_set=''
ac_cv_env_PKG_CONFIG_LIBDIR_value=''
ac_cv_env_PKG_CONFIG_PATH_set=''
ac_cv_env_PKG_CONFIG_PATH_value=''
ac_cv_env_PKG_CONFIG_set=''
ac_cv_env_PKG_CONFIG_value=''
ac_cv_env_build_alias_set=''
ac_cv_env_build_alias_value=''
ac_cv_env_host_alias_set=''
ac_cv_env_host_alias_value=''
ac_cv_env_target_alias_set=''
ac_cv_env_target_alias_value=''
ac_cv_header_inttypes_h='yes'
ac_cv_header_magic_h='yes'
ac_cv_header_memory_h='yes'
ac_cv_header_stdc='yes'
ac_cv_header_stdint_h='yes'
ac_cv_header_stdlib_h='yes'
ac_cv_header_string_h='yes'
ac_cv_header_strings_h='yes'
ac_cv_header_sys_stat_h='yes'
ac_cv_header_sys_types_h='yes'
ac_cv_header_unistd_h='yes'
ac_cv_host='x86_64-unknown-linux-gnu'
ac_cv_lib_magic_magic_open='yes'
ac_cv_objext='o'
ac_cv_path_EGREP='/usr/bin/grep -E'
ac_cv_path_GREP='/usr/bin/grep'
ac_cv_path_ac_pt_PKG_CONFIG='/usr/bin/pkg-config'
ac_cv_path_install='/usr/bin/install -c'
ac_cv_path_mkdir='/usr/bin/mkdir'
ac_cv_prog_AWK='gawk'
ac_cv_prog_CPP='gcc -E'
ac_cv_prog_ac_ct_CC='gcc'
ac_cv_prog_ac_ct_CXX='g++'
ac_cv_prog_cc_c89=''
ac_cv_prog_cc_g='yes'
ac_cv_prog_cxx_g='yes'
ac_cv_prog_make_make_set='yes'
ac_cv_target='x86_64-unknown-linux-gnu'
am_cv_CC_dependencies_compiler_type='gcc3'
am_cv_CXX_dependencies_compiler_type='gcc3'
pkg_cv_FUSE_CFLAGS='-I/usr/include/fuse -D_FILE_OFFSET_BITS=64 '
pkg_cv_FUSE_LIBS='-lfuse -pthread '
pkg_cv_MTP_CFLAGS='-I/usr/include/libusb-1.0 '
pkg_cv_MTP_LIBS='-lmtp '

## ----------------- ##
## Output variables. ##
## ----------------- ##

ACLOCAL='${SHELL} /home/mag/p/installed/jmtpfs/missing --run aclocal-1.11'
AMDEPBACKSLASH='\'
AMDEP_FALSE='#'
AMDEP_TRUE=''
AMTAR='${SHELL} /home/mag/p/installed/jmtpfs/missing --run tar'
AUTOCONF='${SHELL} /home/mag/p/installed/jmtpfs/missing --run autoconf'
AUTOHEADER='${SHELL} /home/mag/p/installed/jmtpfs/missing --run autoheader'
AUTOMAKE='${SHELL} /home/mag/p/installed/jmtpfs/missing --run automake-1.11'
AWK='gawk'
CC='gcc'
CCDEPMODE='depmode=gcc3'
CFLAGS='-g -O2'
CPP='gcc -E'
CPPFLAGS=''
CXX='g++'
CXXDEPMODE='depmode=gcc3'
CXXFLAGS='-g -O2 -std=c++0x'
CYGPATH_W='echo'
DEFS='-DPACKAGE_NAME=\"jmtpfs\" -DPACKAGE_TARNAME=\"jmtpfs\" -DPACKAGE_VERSION=\"1.0\" -DPACKAGE_STRING=\"jmtpfs\ 1.0\" -DPACKAGE_BUGREPORT=\"\" -DPACKAGE_URL=\"\" -DPACKAGE=\"jmtpfs\" -DVERSION=\"1.0\" -DHAVE_LIBMAGIC=1 -DSTDC_HEADERS=1 -DHAVE_SYS_TYPES_H=1 -DHAVE_SYS_STAT_H=1 -DHAVE_STDLIB_H=1 -DHAVE_STRING_H=1 -DHAVE_MEMORY_H=1 -DHAVE_STRINGS_H=1 -DHAVE_INTTYPES_H=1 -DHAVE_STDINT_H=1 -DHAVE_UNISTD_H=1 -DHAVE_MAGIC_H=1'
DEPDIR='.deps'
ECHO_C=''
ECHO_N='-n'
ECHO_T=''
EGREP='/usr/bin/grep -E'
EXEEXT=''
FUSE_CFLAGS='-I/usr/include/fuse -D_FILE_OFFSET_BITS=64 '
FUSE_LIBS='-lfuse -pthread '
GREP='/usr/bin/grep'
INSTALL_DATA='${INSTALL} -m 644'
INSTALL_PROGRAM='${INSTALL}'
INSTALL_SCRIPT='${INSTALL}'
INSTALL_STRIP_PROGRAM='$(install_sh) -c -s'
LDFLAGS=''
LIBOBJS=''
LIBS='-lmagic '
LTLIBOBJS=''
MAKEINFO='${SHELL} /home/mag/p/installed/jmtpfs/missing --run makeinfo'
MKDIR_P='/usr/bin/mkdir -p'
MTP_CFLAGS='-I/usr/include/libusb-1.0 '
MTP_LIBS='-lmtp '
OBJEXT='o'
PACKAGE='jmtpfs'
PACKAGE_BUGREPORT=''
PACKAGE_NAME='jmtpfs'
PACKAGE_STRING='jmtpfs 1.0'
PACKAGE_TARNAME='jmtpfs'
PACKAGE_URL=''
PACKAGE_VERSION='1.0'
PATH_SEPARATOR=':'
PKG_CONFIG='/usr/bin/pkg-config'
PKG_CONFIG_LIBDIR=''
PKG_CONFIG_PATH=''
SET_MAKE=''
SHELL='/bin/sh'
STRIP=''
VERSION='1.0'
ac_ct_CC='gcc'
ac_ct_CXX='g++'
am__EXEEXT_FALSE=''
am__EXEEXT_TRUE='#'
am__fastdepCC_FALSE='#'
am__fastdepCC_TRUE=''
am__fastdepCXX_FALSE='#'
am__fastdepCXX_TRUE=''
am__include='include'
am__isrc=''
am__leading_dot='.'
am__quote=''
am__tar='${AMTAR} chof - "$$tardir"'
am__untar='${AMTAR} xf -'
bindir='${exec_prefix}/bin'
build='x86_64-unknown-linux-gnu'
build_alias=''
build_cpu='x86_64'
build_os='linux-gnu'
build_vendor='unknown'
datadir='${datarootdir}'
datarootdir='${prefix}/share'
docdir='${datarootdir}/doc/${PACKAGE_TARNAME}'
dvidir='${docdir}'
exec_prefix='${prefix}'
host='x86_64-unknown-linux-gnu'
host_alias=''
host_cpu='x86_64'
host_os='linux-gnu'
host_vendor='unknown'
htmldir='${docdir}'
includedir='${prefix}/include'
infodir='${datarootdir}/info'
install_sh='${SHELL} /home/mag/p/installed/jmtpfs/install-sh'
libdir='${exec_prefix}/lib'
libexecdir='${exec_prefix}/libexec'
localedir='${datarootdir}/locale'
localstatedir='${prefix}/var'
mandir='${datarootdir}/man'
mkdir_p='/usr/bin/mkdir -p'
oldincludedir='/usr/include'
pdfdir='${docdir}'
prefix='/usr/local'
program_transform_name='s,x,x,'
psdir='${docdir}'
sbindir='${exec_prefix}/sbin'
sharedstatedir='${prefix}/com'
sysconfdir='${prefix}/etc'
target='x86_64-unknown-linux-gnu'
target_alias=''
target_cpu='x86_64'
target_os='linux-gnu'
target_vendor='unknown'

## ----------- ##
## confdefs.h. ##
## ----------- ##

/* confdefs.h */
#define PACKAGE_NAME "jmtpfs"
#define PACKAGE_TARNAME "jmtpfs"
#define PACKAGE_VERSION "1.0"
#define PACKAGE_STRING "jmtpfs 1.0"
#define PACKAGE_BUGREPORT ""
#define PACKAGE_URL ""
#define PACKAGE "jmtpfs"
#define VERSION "1.0"
#define HAVE_LIBMAGIC 1
#define STDC_HEADERS 1
#define HAVE_SYS_TYPES_H 1
#define HAVE_SYS_STAT_H 1
#define HAVE_STDLIB_H 1
#define HAVE_STRING_H 1
#define HAVE_MEMORY_H 1
#define HAVE_STRINGS_H 1
#define HAVE_INTTYPES_H 1
#define HAVE_STDINT_H 1
#define HAVE_UNISTD_H 1
#define HAVE_MAGIC_H 1

configure: exit 0

## ---------------------- ##
## Running config.status. ##
## ---------------------- ##

This file was extended by jmtpfs config.status 1.0, which was
generated by GNU Autoconf 2.68.  Invocation command line was

  CONFIG_FILES    = 
  CONFIG_HEADERS  = 
  CONFIG_LINKS    = 
  CONFIG_COMMANDS = 
  $ ./config.status 

on IuseARCHbtw

config.status:809: creating Makefile
config.status:809: creating src/Makefile
config.status:981: executing depfiles commands
