This file contains any messages produced by compilers while
running configure, to aid debugging if configure makes a mistake.

It was created by xwallpaper configure 0.6.5, which was
generated by GNU Autoconf 2.71.  Invocation command line was

  $ ./configure

## --------- ##
## Platform. ##
## --------- ##

hostname = IuseARCHbtw
uname -m = x86_64
uname -r = 5.10.13-arch1-1
uname -s = Linux
uname -v = #1 SMP PREEMPT Wed, 03 Feb 2021 23:44:07 +0000

/usr/bin/uname -p = unknown
/bin/uname -X     = unknown

/bin/arch              = unknown
/usr/bin/arch -k       = unknown
/usr/convex/getsysinfo = unknown
/usr/bin/hostinfo      = unknown
/bin/machine           = unknown
/usr/bin/oslevel       = unknown
/bin/universe          = unknown

PATH: /home/mag/.local/share/cargo/bin/
PATH: /usr/local/sbin/
PATH: /usr/local/bin/
PATH: /usr/bin/
PATH: /usr/lib/jvm/default/bin/
PATH: /usr/bin/site_perl/
PATH: /usr/bin/vendor_perl/
PATH: /usr/bin/core_perl/


## ----------- ##
## Core tests. ##
## ----------- ##

configure:2364: looking for aux files: missing install-sh compile
configure:2377:  trying ./
configure:2406:   ./missing found
configure:2388:   ./install-sh found
configure:2406:   ./compile found
configure:2584: checking for gcc
configure:2605: found /usr/bin/gcc
configure:2616: result: gcc
configure:2969: checking for C compiler version
configure:2978: gcc --version >&5
gcc (GCC) 10.2.0
Copyright (C) 2020 Free Software Foundation, Inc.
This is free software; see the source for copying conditions.  There is NO
warranty; not even for MERCHANTABILITY or FITNESS FOR A PARTICULAR PURPOSE.

configure:2989: $? = 0
configure:2978: gcc -v >&5
Using built-in specs.
COLLECT_GCC=gcc
COLLECT_LTO_WRAPPER=/usr/lib/gcc/x86_64-pc-linux-gnu/10.2.0/lto-wrapper
Target: x86_64-pc-linux-gnu
Configured with: /build/gcc/src/gcc/configure --prefix=/usr --libdir=/usr/lib --libexecdir=/usr/lib --mandir=/usr/share/man --infodir=/usr/share/info --with-bugurl=https://bugs.archlinux.org/ --enable-languages=c,c++,ada,fortran,go,lto,objc,obj-c++,d --with-isl --with-linker-hash-style=gnu --with-system-zlib --enable-__cxa_atexit --enable-cet=auto --enable-checking=release --enable-clocale=gnu --enable-default-pie --enable-default-ssp --enable-gnu-indirect-function --enable-gnu-unique-object --enable-install-libiberty --enable-linker-build-id --enable-lto --enable-multilib --enable-plugin --enable-shared --enable-threads=posix --disable-libssp --disable-libstdcxx-pch --disable-libunwind-exceptions --disable-werror gdc_include_dir=/usr/include/dlang/gdc
Thread model: posix
Supported LTO compression algorithms: zlib zstd
gcc version 10.2.0 (GCC) 
configure:2989: $? = 0
configure:2978: gcc -V >&5
gcc: error: unrecognized command-line option '-V'
gcc: fatal error: no input files
compilation terminated.
configure:2989: $? = 1
configure:2978: gcc -qversion >&5
gcc: error: unrecognized command-line option '-qversion'; did you mean '--version'?
gcc: fatal error: no input files
compilation terminated.
configure:2989: $? = 1
configure:2978: gcc -version >&5
gcc: error: unrecognized command-line option '-version'
gcc: fatal error: no input files
compilation terminated.
configure:2989: $? = 1
configure:3009: checking whether the C compiler works
configure:3031: gcc    conftest.c  >&5
configure:3035: $? = 0
configure:3085: result: yes
configure:3088: checking for C compiler default output file name
configure:3090: result: a.out
configure:3096: checking for suffix of executables
configure:3103: gcc -o conftest    conftest.c  >&5
configure:3107: $? = 0
configure:3130: result: 
configure:3152: checking whether we are cross compiling
configure:3160: gcc -o conftest    conftest.c  >&5
configure:3164: $? = 0
configure:3171: ./conftest
configure:3175: $? = 0
configure:3190: result: no
configure:3195: checking for suffix of object files
configure:3218: gcc -c   conftest.c >&5
configure:3222: $? = 0
configure:3244: result: o
configure:3248: checking whether the compiler supports GNU C
configure:3268: gcc -c   conftest.c >&5
configure:3268: $? = 0
configure:3278: result: yes
configure:3289: checking whether gcc accepts -g
configure:3310: gcc -c -g  conftest.c >&5
configure:3310: $? = 0
configure:3354: result: yes
configure:3374: checking for gcc option to enable C11 features
configure:3389: gcc  -c -g -O2  conftest.c >&5
configure:3389: $? = 0
configure:3407: result: none needed
configure:3528: checking whether gcc understands -c and -o together
configure:3551: gcc -c conftest.c -o conftest2.o
configure:3554: $? = 0
configure:3551: gcc -c conftest.c -o conftest2.o
configure:3554: $? = 0
configure:3566: result: yes
configure:3603: checking for a BSD-compatible install
configure:3676: result: /usr/bin/install -c
configure:3687: checking whether build environment is sane
configure:3742: result: yes
configure:3897: checking for a race-free mkdir -p
configure:3941: result: /usr/bin/mkdir -p
configure:3948: checking for gawk
configure:3969: found /usr/bin/gawk
configure:3980: result: gawk
configure:3991: checking whether make sets $(MAKE)
configure:4014: result: yes
configure:4036: checking whether make supports the include directive
configure:4051: make -f confmf.GNU && cat confinc.out
this is the am__doit target
configure:4054: $? = 0
configure:4073: result: yes (GNU style)
configure:4108: checking whether make supports nested variables
configure:4126: result: yes
configure:4207: checking dependency style of gcc
configure:4319: result: gcc3
configure:4438: checking for pkg-config
configure:4461: found /usr/bin/pkg-config
configure:4473: result: /usr/bin/pkg-config
configure:4498: checking pkg-config is at least version 0.9.0
configure:4501: result: yes
configure:4511: checking for PIXMAN
configure:4518: $PKG_CONFIG --exists --print-errors "pixman-1 >= 0.32"
configure:4521: $? = 0
configure:4535: $PKG_CONFIG --exists --print-errors "pixman-1 >= 0.32"
configure:4538: $? = 0
configure:4596: result: yes
configure:4602: checking for XCB
configure:4609: $PKG_CONFIG --exists --print-errors "xcb-image >= 0.3.8 xcb-util >= 0.3.8"
configure:4612: $? = 0
configure:4626: $PKG_CONFIG --exists --print-errors "xcb-image >= 0.3.8 xcb-util >= 0.3.8"
configure:4629: $? = 0
configure:4687: result: yes
configure:4694: checking for pledge
configure:4694: gcc -o conftest -g -O2   conftest.c  >&5
/usr/bin/ld: /tmp/ccyT7ADB.o: in function `main':
/home/mag/p/installed/xwallpaper/conftest.c:38: undefined reference to `pledge'
collect2: error: ld returned 1 exit status
configure:4694: $? = 1
configure: failed program was:
| /* confdefs.h */
| #define PACKAGE_NAME "xwallpaper"
| #define PACKAGE_TARNAME "xwallpaper"
| #define PACKAGE_VERSION "0.6.5"
| #define PACKAGE_STRING "xwallpaper 0.6.5"
| #define PACKAGE_BUGREPORT "https://github.com/stoeckmann/xwallpaper/issues"
| #define PACKAGE_URL "https://github.com/stoeckmann/xwallpaper"
| #define PACKAGE "xwallpaper"
| #define VERSION "0.6.5"
| /* end confdefs.h.  */
| /* Define pledge to an innocuous variant, in case <limits.h> declares pledge.
|    For example, HP-UX 11i <limits.h> declares gettimeofday.  */
| #define pledge innocuous_pledge
| 
| /* System header to define __stub macros and hopefully few prototypes,
|    which can conflict with char pledge (); below.  */
| 
| #include <limits.h>
| #undef pledge
| 
| /* Override any GCC internal prototype to avoid an error.
|    Use char because int might match the return type of a GCC
|    builtin and then its argument prototype would still apply.  */
| #ifdef __cplusplus
| extern "C"
| #endif
| char pledge ();
| /* The GNU C library defines this for functions which it implements
|     to always fail with ENOSYS.  Some functions are actually named
|     something starting with __ and the normal name is an alias.  */
| #if defined __stub_pledge || defined __stub___pledge
| choke me
| #endif
| 
| int
| main (void)
| {
| return pledge ();
|   ;
|   return 0;
| }
configure:4694: result: no
configure:4703: checking whether seccomp support is requested
configure:4721: result: auto
configure:4726: checking for SECCOMP
configure:4733: $PKG_CONFIG --exists --print-errors "libseccomp >= 2.3.1"
configure:4736: $? = 0
configure:4750: $PKG_CONFIG --exists --print-errors "libseccomp >= 2.3.1"
configure:4753: $? = 0
configure:4791: result: yes
configure:4814: checking whether RandR support is requested
configure:4832: result: auto
configure:4837: checking for RANDR
configure:4844: $PKG_CONFIG --exists --print-errors "xcb-randr >= 1.11"
configure:4847: $? = 0
configure:4861: $PKG_CONFIG --exists --print-errors "xcb-randr >= 1.11"
configure:4864: $? = 0
configure:4902: result: yes
configure:4925: checking whether JPEG support is requested
configure:4943: result: auto
configure:4948: checking for JPEG
configure:4955: $PKG_CONFIG --exists --print-errors "libjpeg >= 1.5"
configure:4958: $? = 0
configure:4972: $PKG_CONFIG --exists --print-errors "libjpeg >= 1.5"
configure:4975: $? = 0
configure:5013: result: yes
configure:5119: checking whether PNG support is requested
configure:5137: result: auto
configure:5142: checking for PNG
configure:5149: $PKG_CONFIG --exists --print-errors "libpng >= 1.2"
configure:5152: $? = 0
configure:5166: $PKG_CONFIG --exists --print-errors "libpng >= 1.2"
configure:5169: $? = 0
configure:5207: result: yes
configure:5230: checking whether XPM support is requested
configure:5248: result: auto
configure:5253: checking for XPM
configure:5260: $PKG_CONFIG --exists --print-errors "xpm >= 3.5"
configure:5263: $? = 0
configure:5277: $PKG_CONFIG --exists --print-errors "xpm >= 3.5"
configure:5280: $? = 0
configure:5318: result: yes
configure:5463: checking that generated files are newer than configure
configure:5469: result: done
configure:5512: creating ./config.status

## ---------------------- ##
## Running config.status. ##
## ---------------------- ##

This file was extended by xwallpaper config.status 0.6.5, which was
generated by GNU Autoconf 2.71.  Invocation command line was

  CONFIG_FILES    = 
  CONFIG_HEADERS  = 
  CONFIG_LINKS    = 
  CONFIG_COMMANDS = 
  $ ./config.status 

on IuseARCHbtw

config.status:867: creating Makefile
config.status:867: creating config.h
config.status:1096: executing depfiles commands
config.status:1171: cd .       && sed -e '/# am--include-marker/d' Makefile         | make -f - am--depfiles
config.status:1178: $? = 0

## ---------------- ##
## Cache variables. ##
## ---------------- ##

ac_cv_c_compiler_gnu='yes'
ac_cv_env_CC_set=''
ac_cv_env_CC_value=''
ac_cv_env_CFLAGS_set=''
ac_cv_env_CFLAGS_value=''
ac_cv_env_CPPFLAGS_set=''
ac_cv_env_CPPFLAGS_value=''
ac_cv_env_JPEG_CFLAGS_set=''
ac_cv_env_JPEG_CFLAGS_value=''
ac_cv_env_JPEG_LIBS_set=''
ac_cv_env_JPEG_LIBS_value=''
ac_cv_env_LDFLAGS_set=''
ac_cv_env_LDFLAGS_value=''
ac_cv_env_LIBS_set=''
ac_cv_env_LIBS_value=''
ac_cv_env_PIXMAN_CFLAGS_set=''
ac_cv_env_PIXMAN_CFLAGS_value=''
ac_cv_env_PIXMAN_LIBS_set=''
ac_cv_env_PIXMAN_LIBS_value=''
ac_cv_env_PKG_CONFIG_LIBDIR_set=''
ac_cv_env_PKG_CONFIG_LIBDIR_value=''
ac_cv_env_PKG_CONFIG_PATH_set=''
ac_cv_env_PKG_CONFIG_PATH_value=''
ac_cv_env_PKG_CONFIG_set=''
ac_cv_env_PKG_CONFIG_value=''
ac_cv_env_PNG_CFLAGS_set=''
ac_cv_env_PNG_CFLAGS_value=''
ac_cv_env_PNG_LIBS_set=''
ac_cv_env_PNG_LIBS_value=''
ac_cv_env_RANDR_CFLAGS_set=''
ac_cv_env_RANDR_CFLAGS_value=''
ac_cv_env_RANDR_LIBS_set=''
ac_cv_env_RANDR_LIBS_value=''
ac_cv_env_SECCOMP_CFLAGS_set=''
ac_cv_env_SECCOMP_CFLAGS_value=''
ac_cv_env_SECCOMP_LIBS_set=''
ac_cv_env_SECCOMP_LIBS_value=''
ac_cv_env_XCB_CFLAGS_set=''
ac_cv_env_XCB_CFLAGS_value=''
ac_cv_env_XCB_LIBS_set=''
ac_cv_env_XCB_LIBS_value=''
ac_cv_env_XPM_CFLAGS_set=''
ac_cv_env_XPM_CFLAGS_value=''
ac_cv_env_XPM_LIBS_set=''
ac_cv_env_XPM_LIBS_value=''
ac_cv_env_build_alias_set=''
ac_cv_env_build_alias_value=''
ac_cv_env_host_alias_set=''
ac_cv_env_host_alias_value=''
ac_cv_env_target_alias_set=''
ac_cv_env_target_alias_value=''
ac_cv_func_pledge='no'
ac_cv_objext='o'
ac_cv_path_ac_pt_PKG_CONFIG='/usr/bin/pkg-config'
ac_cv_path_install='/usr/bin/install -c'
ac_cv_path_mkdir='/usr/bin/mkdir'
ac_cv_prog_AWK='gawk'
ac_cv_prog_ac_ct_CC='gcc'
ac_cv_prog_cc_c11=''
ac_cv_prog_cc_g='yes'
ac_cv_prog_cc_stdc=''
ac_cv_prog_make_make_set='yes'
am_cv_CC_dependencies_compiler_type='gcc3'
am_cv_make_support_nested_variables='yes'
am_cv_prog_cc_c_o='yes'
pkg_cv_JPEG_CFLAGS=''
pkg_cv_JPEG_LIBS='-ljpeg '
pkg_cv_PIXMAN_CFLAGS='-I/usr/include/pixman-1 '
pkg_cv_PIXMAN_LIBS='-lpixman-1 '
pkg_cv_PNG_CFLAGS='-I/usr/include/libpng16 '
pkg_cv_PNG_LIBS='-lpng16 -lz '
pkg_cv_RANDR_CFLAGS=''
pkg_cv_RANDR_LIBS='-lxcb-randr '
pkg_cv_SECCOMP_CFLAGS=''
pkg_cv_SECCOMP_LIBS='-lseccomp '
pkg_cv_XCB_CFLAGS=''
pkg_cv_XCB_LIBS='-lxcb-image -lxcb-shm -lxcb-util -lxcb '
pkg_cv_XPM_CFLAGS=''
pkg_cv_XPM_LIBS='-lXpm -lX11 '

## ----------------- ##
## Output variables. ##
## ----------------- ##

ACLOCAL='${SHELL} '\''/home/mag/p/installed/xwallpaper/missing'\'' aclocal-1.16'
AMDEPBACKSLASH='\'
AMDEP_FALSE='#'
AMDEP_TRUE=''
AMTAR='$${TAR-tar}'
AM_BACKSLASH='\'
AM_DEFAULT_V='$(AM_DEFAULT_VERBOSITY)'
AM_DEFAULT_VERBOSITY='1'
AM_V='$(V)'
AUTOCONF='${SHELL} '\''/home/mag/p/installed/xwallpaper/missing'\'' autoconf'
AUTOHEADER='${SHELL} '\''/home/mag/p/installed/xwallpaper/missing'\'' autoheader'
AUTOMAKE='${SHELL} '\''/home/mag/p/installed/xwallpaper/missing'\'' automake-1.16'
AWK='gawk'
BUILD_JPEG_FALSE='#'
BUILD_JPEG_TRUE=''
BUILD_PNG_FALSE='#'
BUILD_PNG_TRUE=''
BUILD_RANDR_FALSE='#'
BUILD_RANDR_TRUE=''
BUILD_SECCOMP_FALSE='#'
BUILD_SECCOMP_TRUE=''
BUILD_XPM_FALSE='#'
BUILD_XPM_TRUE=''
CC='gcc'
CCDEPMODE='depmode=gcc3'
CFLAGS='-g -O2'
CPPFLAGS=''
CYGPATH_W='echo'
DEFS='-DHAVE_CONFIG_H'
DEPDIR='.deps'
ECHO_C=''
ECHO_N='-n'
ECHO_T=''
EXEEXT=''
INSTALL_DATA='${INSTALL} -m 644'
INSTALL_PROGRAM='${INSTALL}'
INSTALL_SCRIPT='${INSTALL}'
INSTALL_STRIP_PROGRAM='$(install_sh) -c -s'
JPEG_CFLAGS=''
JPEG_LIBS='-ljpeg '
LDFLAGS=''
LIBOBJS=''
LIBS=''
LTLIBOBJS=''
MAKEINFO='${SHELL} '\''/home/mag/p/installed/xwallpaper/missing'\'' makeinfo'
MKDIR_P='/usr/bin/mkdir -p'
OBJEXT='o'
PACKAGE='xwallpaper'
PACKAGE_BUGREPORT='https://github.com/stoeckmann/xwallpaper/issues'
PACKAGE_NAME='xwallpaper'
PACKAGE_STRING='xwallpaper 0.6.5'
PACKAGE_TARNAME='xwallpaper'
PACKAGE_URL='https://github.com/stoeckmann/xwallpaper'
PACKAGE_VERSION='0.6.5'
PATH_SEPARATOR=':'
PIXMAN_CFLAGS='-I/usr/include/pixman-1 '
PIXMAN_LIBS='-lpixman-1 '
PKG_CONFIG='/usr/bin/pkg-config'
PKG_CONFIG_LIBDIR=''
PKG_CONFIG_PATH=''
PNG_CFLAGS='-I/usr/include/libpng16 '
PNG_LIBS='-lpng16 -lz '
RANDR_CFLAGS=''
RANDR_LIBS='-lxcb-randr '
SECCOMP_CFLAGS=''
SECCOMP_LIBS='-lseccomp '
SET_MAKE=''
SHELL='/bin/sh'
STRIP=''
VERSION='0.6.5'
XCB_CFLAGS=''
XCB_LIBS='-lxcb-image -lxcb-shm -lxcb-util -lxcb '
XPM_CFLAGS=''
XPM_LIBS='-lXpm -lX11 '
ac_ct_CC='gcc'
am__EXEEXT_FALSE=''
am__EXEEXT_TRUE='#'
am__fastdepCC_FALSE='#'
am__fastdepCC_TRUE=''
am__include='include'
am__isrc=''
am__leading_dot='.'
am__nodep='_no'
am__quote=''
am__tar='$${TAR-tar} chof - "$$tardir"'
am__untar='$${TAR-tar} xf -'
bindir='${exec_prefix}/bin'
build_alias=''
datadir='${datarootdir}'
datarootdir='${prefix}/share'
docdir='${datarootdir}/doc/${PACKAGE_TARNAME}'
dvidir='${docdir}'
exec_prefix='${prefix}'
host_alias=''
htmldir='${docdir}'
includedir='${prefix}/include'
infodir='${datarootdir}/info'
install_sh='${SHELL} /home/mag/p/installed/xwallpaper/install-sh'
libdir='${exec_prefix}/lib'
libexecdir='${exec_prefix}/libexec'
localedir='${datarootdir}/locale'
localstatedir='${prefix}/var'
mandir='${datarootdir}/man'
mkdir_p='$(MKDIR_P)'
oldincludedir='/usr/include'
pdfdir='${docdir}'
prefix='/usr/local'
program_transform_name='s,x,x,'
psdir='${docdir}'
runstatedir='${localstatedir}/run'
sbindir='${exec_prefix}/sbin'
sharedstatedir='${prefix}/com'
sysconfdir='${prefix}/etc'
target_alias=''
zshcompletiondir='${datarootdir}/zsh/site-functions'

## ----------- ##
## confdefs.h. ##
## ----------- ##

/* confdefs.h */
#define PACKAGE_NAME "xwallpaper"
#define PACKAGE_TARNAME "xwallpaper"
#define PACKAGE_VERSION "0.6.5"
#define PACKAGE_STRING "xwallpaper 0.6.5"
#define PACKAGE_BUGREPORT "https://github.com/stoeckmann/xwallpaper/issues"
#define PACKAGE_URL "https://github.com/stoeckmann/xwallpaper"
#define PACKAGE "xwallpaper"
#define VERSION "0.6.5"
#define WITH_SECCOMP 1
#define WITH_RANDR 1
#define WITH_JPEG 1
#define WITH_PNG 1
#define WITH_XPM 1

configure: exit 0
